<?xml version="1.0" encoding="UTF-8"?>
<!-- Generated by org.testng.reporters.JUnitReportReporter -->
<testsuite skipped="0" hostname="Home24" name="EmailCheck.checkEmail" tests="3" failures="0" timestamp="12 Nov 2016 22:56:43 GMT" time="28.941" errors="0">
  <testcase name="executeEmail" time="13.186" classname="EmailCheck.checkEmail"/>
  <testcase name="executeEmail" time="10.722" classname="EmailCheck.checkEmail"/>
  <testcase name="executeEmail" time="5.033" classname="EmailCheck.checkEmail"/>
</testsuite> <!-- EmailCheck.checkEmail -->
